{"C:\\Users\\ashis\\Desktop\\Diet to BE - Copy\\Diet to BE\\server\\models\\User.js": {"path":"C:\\Users\\ashis\\Desktop\\Diet to BE - Copy\\Diet to BE\\server\\models\\User.js","statementMap":{"0":{"start":{"line":1,"column":17},"end":{"line":1,"column":36}},"1":{"start":{"line":3,"column":19},"end":{"line":74,"column":1}},"2":{"start":{"line":76,"column":0},"end":{"line":76,"column":52}}},"fnMap":{},"branchMap":{},"s":{"0":1,"1":1,"2":1},"f":{},"b":{},"_coverageSchema":"1a1c01bbd47fc00a2c39e90264f33305004495a9","hash":"60dc643b8756ede678c12b7048421e248a5dfb30"}
,"C:\\Users\\ashis\\Desktop\\Diet to BE - Copy\\Diet to BE\\server\\utils\\dietCalculations.js": {"path":"C:\\Users\\ashis\\Desktop\\Diet to BE - Copy\\Diet to BE\\server\\utils\\dietCalculations.js","statementMap":{"0":{"start":{"line":15,"column":4},"end":{"line":17,"column":5}},"1":{"start":{"line":16,"column":8},"end":{"line":16,"column":85}},"2":{"start":{"line":19,"column":4},"end":{"line":23,"column":5}},"3":{"start":{"line":20,"column":8},"end":{"line":20,"column":57}},"4":{"start":{"line":22,"column":8},"end":{"line":22,"column":59}},"5":{"start":{"line":33,"column":4},"end":{"line":35,"column":5}},"6":{"start":{"line":34,"column":8},"end":{"line":34,"column":63}},"7":{"start":{"line":37,"column":32},"end":{"line":43,"column":5}},"8":{"start":{"line":45,"column":23},"end":{"line":45,"column":57}},"9":{"start":{"line":46,"column":4},"end":{"line":48,"column":5}},"10":{"start":{"line":47,"column":8},"end":{"line":47,"column":68}},"11":{"start":{"line":50,"column":4},"end":{"line":50,"column":28}},"12":{"start":{"line":60,"column":4},"end":{"line":62,"column":5}},"13":{"start":{"line":61,"column":8},"end":{"line":61,"column":54}},"14":{"start":{"line":64,"column":4},"end":{"line":73,"column":5}},"15":{"start":{"line":66,"column":12},"end":{"line":66,"column":30}},"16":{"start":{"line":68,"column":12},"end":{"line":68,"column":24}},"17":{"start":{"line":70,"column":12},"end":{"line":70,"column":30}},"18":{"start":{"line":72,"column":12},"end":{"line":72,"column":24}},"19":{"start":{"line":84,"column":4},"end":{"line":90,"column":5}},"20":{"start":{"line":85,"column":8},"end":{"line":85,"column":19}},"21":{"start":{"line":86,"column":11},"end":{"line":90,"column":5}},"22":{"start":{"line":87,"column":8},"end":{"line":87,"column":19}},"23":{"start":{"line":89,"column":8},"end":{"line":89,"column":19}},"24":{"start":{"line":102,"column":4},"end":{"line":104,"column":5}},"25":{"start":{"line":103,"column":8},"end":{"line":103,"column":55}},"26":{"start":{"line":106,"column":25},"end":{"line":106,"column":69}},"27":{"start":{"line":107,"column":25},"end":{"line":107,"column":58}},"28":{"start":{"line":108,"column":28},"end":{"line":108,"column":44}},"29":{"start":{"line":110,"column":21},"end":{"line":110,"column":60}},"30":{"start":{"line":111,"column":24},"end":{"line":111,"column":36}},"31":{"start":{"line":113,"column":25},"end":{"line":113,"column":71}},"32":{"start":{"line":114,"column":22},"end":{"line":114,"column":50}},"33":{"start":{"line":116,"column":4},"end":{"line":123,"column":6}},"34":{"start":{"line":133,"column":4},"end":{"line":135,"column":5}},"35":{"start":{"line":134,"column":8},"end":{"line":134,"column":67}},"36":{"start":{"line":138,"column":31},"end":{"line":138,"column":63}},"37":{"start":{"line":139,"column":27},"end":{"line":139,"column":59}},"38":{"start":{"line":140,"column":28},"end":{"line":140,"column":60}},"39":{"start":{"line":141,"column":27},"end":{"line":141,"column":59}},"40":{"start":{"line":144,"column":35},"end":{"line":144,"column":66}},"41":{"start":{"line":145,"column":31},"end":{"line":145,"column":62}},"42":{"start":{"line":146,"column":32},"end":{"line":146,"column":63}},"43":{"start":{"line":147,"column":31},"end":{"line":147,"column":62}},"44":{"start":{"line":149,"column":4},"end":{"line":154,"column":6}},"45":{"start":{"line":163,"column":4},"end":{"line":165,"column":5}},"46":{"start":{"line":164,"column":8},"end":{"line":164,"column":51}},"47":{"start":{"line":167,"column":4},"end":{"line":173,"column":55}},"48":{"start":{"line":168,"column":8},"end":{"line":168,"column":46}},"49":{"start":{"line":169,"column":8},"end":{"line":169,"column":44}},"50":{"start":{"line":170,"column":8},"end":{"line":170,"column":40}},"51":{"start":{"line":171,"column":8},"end":{"line":171,"column":38}},"52":{"start":{"line":172,"column":8},"end":{"line":172,"column":22}},"53":{"start":{"line":176,"column":0},"end":{"line":184,"column":2}}},"fnMap":{"0":{"name":"calculateBMR","decl":{"start":{"line":14,"column":9},"end":{"line":14,"column":21}},"loc":{"start":{"line":14,"column":51},"end":{"line":24,"column":1}},"line":14},"1":{"name":"calculateTDEE","decl":{"start":{"line":32,"column":9},"end":{"line":32,"column":22}},"loc":{"start":{"line":32,"column":43},"end":{"line":51,"column":1}},"line":32},"2":{"name":"calculateTargetCalories","decl":{"start":{"line":59,"column":9},"end":{"line":59,"column":32}},"loc":{"start":{"line":59,"column":45},"end":{"line":74,"column":1}},"line":59},"3":{"name":"getProteinPerKg","decl":{"start":{"line":83,"column":9},"end":{"line":83,"column":24}},"loc":{"start":{"line":83,"column":54},"end":{"line":91,"column":1}},"line":83},"4":{"name":"calculateMacronutrients","decl":{"start":{"line":101,"column":9},"end":{"line":101,"column":32}},"loc":{"start":{"line":101,"column":78},"end":{"line":124,"column":1}},"line":101},"5":{"name":"calculateMealDistribution","decl":{"start":{"line":132,"column":9},"end":{"line":132,"column":34}},"loc":{"start":{"line":132,"column":64},"end":{"line":155,"column":1}},"line":132},"6":{"name":"calculateTotalNutrition","decl":{"start":{"line":162,"column":9},"end":{"line":162,"column":32}},"loc":{"start":{"line":162,"column":41},"end":{"line":174,"column":1}},"line":162},"7":{"name":"(anonymous_7)","decl":{"start":{"line":167,"column":25},"end":{"line":167,"column":26}},"loc":{"start":{"line":167,"column":43},"end":{"line":173,"column":5}},"line":167}},"branchMap":{"0":{"loc":{"start":{"line":15,"column":4},"end":{"line":17,"column":5}},"type":"if","locations":[{"start":{"line":15,"column":4},"end":{"line":17,"column":5}},{"start":{},"end":{}}],"line":15},"1":{"loc":{"start":{"line":15,"column":8},"end":{"line":15,"column":45}},"type":"binary-expr","locations":[{"start":{"line":15,"column":8},"end":{"line":15,"column":15}},{"start":{"line":15,"column":19},"end":{"line":15,"column":26}},{"start":{"line":15,"column":30},"end":{"line":15,"column":34}},{"start":{"line":15,"column":38},"end":{"line":15,"column":45}}],"line":15},"2":{"loc":{"start":{"line":19,"column":4},"end":{"line":23,"column":5}},"type":"if","locations":[{"start":{"line":19,"column":4},"end":{"line":23,"column":5}},{"start":{"line":21,"column":11},"end":{"line":23,"column":5}}],"line":19},"3":{"loc":{"start":{"line":33,"column":4},"end":{"line":35,"column":5}},"type":"if","locations":[{"start":{"line":33,"column":4},"end":{"line":35,"column":5}},{"start":{},"end":{}}],"line":33},"4":{"loc":{"start":{"line":33,"column":8},"end":{"line":33,"column":30}},"type":"binary-expr","locations":[{"start":{"line":33,"column":8},"end":{"line":33,"column":12}},{"start":{"line":33,"column":16},"end":{"line":33,"column":30}}],"line":33},"5":{"loc":{"start":{"line":46,"column":4},"end":{"line":48,"column":5}},"type":"if","locations":[{"start":{"line":46,"column":4},"end":{"line":48,"column":5}},{"start":{},"end":{}}],"line":46},"6":{"loc":{"start":{"line":60,"column":4},"end":{"line":62,"column":5}},"type":"if","locations":[{"start":{"line":60,"column":4},"end":{"line":62,"column":5}},{"start":{},"end":{}}],"line":60},"7":{"loc":{"start":{"line":60,"column":8},"end":{"line":60,"column":22}},"type":"binary-expr","locations":[{"start":{"line":60,"column":8},"end":{"line":60,"column":13}},{"start":{"line":60,"column":17},"end":{"line":60,"column":22}}],"line":60},"8":{"loc":{"start":{"line":64,"column":4},"end":{"line":73,"column":5}},"type":"switch","locations":[{"start":{"line":65,"column":8},"end":{"line":66,"column":30}},{"start":{"line":67,"column":8},"end":{"line":68,"column":24}},{"start":{"line":69,"column":8},"end":{"line":70,"column":30}},{"start":{"line":71,"column":8},"end":{"line":72,"column":24}}],"line":64},"9":{"loc":{"start":{"line":84,"column":4},"end":{"line":90,"column":5}},"type":"if","locations":[{"start":{"line":84,"column":4},"end":{"line":90,"column":5}},{"start":{"line":86,"column":11},"end":{"line":90,"column":5}}],"line":84},"10":{"loc":{"start":{"line":86,"column":11},"end":{"line":90,"column":5}},"type":"if","locations":[{"start":{"line":86,"column":11},"end":{"line":90,"column":5}},{"start":{"line":88,"column":11},"end":{"line":90,"column":5}}],"line":86},"11":{"loc":{"start":{"line":86,"column":15},"end":{"line":86,"column":76}},"type":"binary-expr","locations":[{"start":{"line":86,"column":15},"end":{"line":86,"column":46}},{"start":{"line":86,"column":50},"end":{"line":86,"column":76}}],"line":86},"12":{"loc":{"start":{"line":102,"column":4},"end":{"line":104,"column":5}},"type":"if","locations":[{"start":{"line":102,"column":4},"end":{"line":104,"column":5}},{"start":{},"end":{}}],"line":102},"13":{"loc":{"start":{"line":102,"column":8},"end":{"line":102,"column":61}},"type":"binary-expr","locations":[{"start":{"line":102,"column":8},"end":{"line":102,"column":23}},{"start":{"line":102,"column":27},"end":{"line":102,"column":34}},{"start":{"line":102,"column":38},"end":{"line":102,"column":43}},{"start":{"line":102,"column":47},"end":{"line":102,"column":61}}],"line":102},"14":{"loc":{"start":{"line":133,"column":4},"end":{"line":135,"column":5}},"type":"if","locations":[{"start":{"line":133,"column":4},"end":{"line":135,"column":5}},{"start":{},"end":{}}],"line":133},"15":{"loc":{"start":{"line":133,"column":8},"end":{"line":133,"column":39}},"type":"binary-expr","locations":[{"start":{"line":133,"column":8},"end":{"line":133,"column":22}},{"start":{"line":133,"column":26},"end":{"line":133,"column":39}}],"line":133},"16":{"loc":{"start":{"line":163,"column":4},"end":{"line":165,"column":5}},"type":"if","locations":[{"start":{"line":163,"column":4},"end":{"line":165,"column":5}},{"start":{},"end":{}}],"line":163},"17":{"loc":{"start":{"line":168,"column":27},"end":{"line":168,"column":45}},"type":"binary-expr","locations":[{"start":{"line":168,"column":27},"end":{"line":168,"column":40}},{"start":{"line":168,"column":44},"end":{"line":168,"column":45}}],"line":168},"18":{"loc":{"start":{"line":169,"column":26},"end":{"line":169,"column":43}},"type":"binary-expr","locations":[{"start":{"line":169,"column":26},"end":{"line":169,"column":38}},{"start":{"line":169,"column":42},"end":{"line":169,"column":43}}],"line":169},"19":{"loc":{"start":{"line":170,"column":24},"end":{"line":170,"column":39}},"type":"binary-expr","locations":[{"start":{"line":170,"column":24},"end":{"line":170,"column":34}},{"start":{"line":170,"column":38},"end":{"line":170,"column":39}}],"line":170},"20":{"loc":{"start":{"line":171,"column":23},"end":{"line":171,"column":37}},"type":"binary-expr","locations":[{"start":{"line":171,"column":23},"end":{"line":171,"column":32}},{"start":{"line":171,"column":36},"end":{"line":171,"column":37}}],"line":171}},"s":{"0":7,"1":4,"2":3,"3":2,"4":1,"5":11,"6":2,"7":9,"8":9,"9":9,"10":1,"11":8,"12":7,"13":2,"14":5,"15":2,"16":1,"17":1,"18":1,"19":8,"20":2,"21":6,"22":2,"23":4,"24":5,"25":2,"26":3,"27":3,"28":3,"29":3,"30":3,"31":3,"32":3,"33":3,"34":5,"35":2,"36":3,"37":3,"38":3,"39":3,"40":3,"41":3,"42":3,"43":3,"44":3,"45":5,"46":2,"47":3,"48":6,"49":6,"50":6,"51":6,"52":6,"53":1},"f":{"0":7,"1":11,"2":7,"3":8,"4":5,"5":5,"6":5,"7":6},"b":{"0":[4,3],"1":[7,6,5,4],"2":[2,1],"3":[2,9],"4":[11,10],"5":[1,8],"6":[2,5],"7":[7,6],"8":[2,1,1,1],"9":[2,6],"10":[2,4],"11":[6,5],"12":[2,3],"13":[5,5,5,4],"14":[2,3],"15":[5,4],"16":[2,3],"17":[6,0],"18":[6,2],"19":[6,2],"20":[6,2]},"_coverageSchema":"1a1c01bbd47fc00a2c39e90264f33305004495a9","hash":"d21efc9347eb2ab1f181acaa55d9d01558183c05"}
,"C:\\Users\\ashis\\Desktop\\Diet to BE - Copy\\Diet to BE\\server\\utils\\trainingCalculations.js": {"path":"C:\\Users\\ashis\\Desktop\\Diet to BE - Copy\\Diet to BE\\server\\utils\\trainingCalculations.js","statementMap":{"0":{"start":{"line":12,"column":4},"end":{"line":14,"column":5}},"1":{"start":{"line":13,"column":8},"end":{"line":13,"column":26}},"2":{"start":{"line":16,"column":4},"end":{"line":22,"column":5}},"3":{"start":{"line":17,"column":8},"end":{"line":17,"column":26}},"4":{"start":{"line":18,"column":11},"end":{"line":22,"column":5}},"5":{"start":{"line":19,"column":8},"end":{"line":19,"column":30}},"6":{"start":{"line":21,"column":8},"end":{"line":21,"column":26}},"7":{"start":{"line":33,"column":4},"end":{"line":35,"column":5}},"8":{"start":{"line":34,"column":8},"end":{"line":34,"column":27}},"9":{"start":{"line":38,"column":32},"end":{"line":38,"column":62}},"10":{"start":{"line":39,"column":4},"end":{"line":41,"column":5}},"11":{"start":{"line":40,"column":8},"end":{"line":40,"column":22}},"12":{"start":{"line":43,"column":4},"end":{"line":55,"column":5}},"13":{"start":{"line":45,"column":12},"end":{"line":45,"column":58}},"14":{"start":{"line":48,"column":12},"end":{"line":48,"column":30}},"15":{"start":{"line":50,"column":12},"end":{"line":50,"column":33}},"16":{"start":{"line":52,"column":12},"end":{"line":52,"column":28}},"17":{"start":{"line":54,"column":12},"end":{"line":54,"column":31}},"18":{"start":{"line":64,"column":4},"end":{"line":73,"column":5}},"19":{"start":{"line":66,"column":12},"end":{"line":66,"column":21}},"20":{"start":{"line":68,"column":12},"end":{"line":68,"column":21}},"21":{"start":{"line":70,"column":12},"end":{"line":70,"column":21}},"22":{"start":{"line":72,"column":12},"end":{"line":72,"column":21}},"23":{"start":{"line":82,"column":4},"end":{"line":91,"column":5}},"24":{"start":{"line":84,"column":12},"end":{"line":84,"column":21}},"25":{"start":{"line":86,"column":12},"end":{"line":86,"column":21}},"26":{"start":{"line":88,"column":12},"end":{"line":88,"column":21}},"27":{"start":{"line":90,"column":12},"end":{"line":90,"column":21}},"28":{"start":{"line":100,"column":4},"end":{"line":109,"column":5}},"29":{"start":{"line":102,"column":12},"end":{"line":102,"column":26}},"30":{"start":{"line":104,"column":12},"end":{"line":104,"column":27}},"31":{"start":{"line":106,"column":12},"end":{"line":106,"column":27}},"32":{"start":{"line":108,"column":12},"end":{"line":108,"column":26}},"33":{"start":{"line":118,"column":4},"end":{"line":120,"column":5}},"34":{"start":{"line":119,"column":8},"end":{"line":119,"column":17}},"35":{"start":{"line":122,"column":4},"end":{"line":124,"column":10}},"36":{"start":{"line":123,"column":8},"end":{"line":123,"column":41}},"37":{"start":{"line":133,"column":4},"end":{"line":135,"column":5}},"38":{"start":{"line":134,"column":8},"end":{"line":134,"column":17}},"39":{"start":{"line":137,"column":4},"end":{"line":141,"column":10}},"40":{"start":{"line":138,"column":34},"end":{"line":138,"column":56}},"41":{"start":{"line":139,"column":25},"end":{"line":139,"column":42}},"42":{"start":{"line":140,"column":8},"end":{"line":140,"column":52}},"43":{"start":{"line":150,"column":4},"end":{"line":162,"column":5}},"44":{"start":{"line":152,"column":12},"end":{"line":152,"column":38}},"45":{"start":{"line":155,"column":12},"end":{"line":155,"column":32}},"46":{"start":{"line":157,"column":12},"end":{"line":157,"column":54}},"47":{"start":{"line":159,"column":12},"end":{"line":159,"column":40}},"48":{"start":{"line":161,"column":12},"end":{"line":161,"column":70}},"49":{"start":{"line":171,"column":4},"end":{"line":173,"column":5}},"50":{"start":{"line":172,"column":8},"end":{"line":172,"column":38}},"51":{"start":{"line":175,"column":25},"end":{"line":180,"column":5}},"52":{"start":{"line":182,"column":31},"end":{"line":182,"column":86}},"53":{"start":{"line":182,"column":54},"end":{"line":182,"column":85}},"54":{"start":{"line":183,"column":4},"end":{"line":183,"column":71}},"55":{"start":{"line":186,"column":0},"end":{"line":196,"column":2}}},"fnMap":{"0":{"name":"determineFitnessLevel","decl":{"start":{"line":11,"column":9},"end":{"line":11,"column":30}},"loc":{"start":{"line":11,"column":46},"end":{"line":23,"column":1}},"line":11},"1":{"name":"determineWorkoutType","decl":{"start":{"line":32,"column":9},"end":{"line":32,"column":29}},"loc":{"start":{"line":32,"column":63},"end":{"line":56,"column":1}},"line":32},"2":{"name":"getNumberOfExercises","decl":{"start":{"line":63,"column":9},"end":{"line":63,"column":29}},"loc":{"start":{"line":63,"column":44},"end":{"line":74,"column":1}},"line":63},"3":{"name":"getSetsForLevel","decl":{"start":{"line":81,"column":9},"end":{"line":81,"column":24}},"loc":{"start":{"line":81,"column":39},"end":{"line":92,"column":1}},"line":81},"4":{"name":"getRepsForLevel","decl":{"start":{"line":99,"column":9},"end":{"line":99,"column":24}},"loc":{"start":{"line":99,"column":39},"end":{"line":110,"column":1}},"line":99},"5":{"name":"calculateTotalDuration","decl":{"start":{"line":117,"column":9},"end":{"line":117,"column":31}},"loc":{"start":{"line":117,"column":43},"end":{"line":125,"column":1}},"line":117},"6":{"name":"(anonymous_6)","decl":{"start":{"line":122,"column":28},"end":{"line":122,"column":29}},"loc":{"start":{"line":122,"column":41},"end":{"line":124,"column":5}},"line":122},"7":{"name":"calculateEstimatedCalories","decl":{"start":{"line":132,"column":9},"end":{"line":132,"column":35}},"loc":{"start":{"line":132,"column":47},"end":{"line":142,"column":1}},"line":132},"8":{"name":"(anonymous_8)","decl":{"start":{"line":137,"column":28},"end":{"line":137,"column":29}},"loc":{"start":{"line":137,"column":41},"end":{"line":141,"column":5}},"line":137},"9":{"name":"getExerciseCategoriesForGoal","decl":{"start":{"line":149,"column":9},"end":{"line":149,"column":37}},"loc":{"start":{"line":149,"column":44},"end":{"line":163,"column":1}},"line":149},"10":{"name":"mapEquipmentPreferences","decl":{"start":{"line":170,"column":9},"end":{"line":170,"column":32}},"loc":{"start":{"line":170,"column":48},"end":{"line":184,"column":1}},"line":170},"11":{"name":"(anonymous_11)","decl":{"start":{"line":182,"column":49},"end":{"line":182,"column":50}},"loc":{"start":{"line":182,"column":54},"end":{"line":182,"column":85}},"line":182}},"branchMap":{"0":{"loc":{"start":{"line":12,"column":4},"end":{"line":14,"column":5}},"type":"if","locations":[{"start":{"line":12,"column":4},"end":{"line":14,"column":5}},{"start":{},"end":{}}],"line":12},"1":{"loc":{"start":{"line":16,"column":4},"end":{"line":22,"column":5}},"type":"if","locations":[{"start":{"line":16,"column":4},"end":{"line":22,"column":5}},{"start":{"line":18,"column":11},"end":{"line":22,"column":5}}],"line":16},"2":{"loc":{"start":{"line":16,"column":8},"end":{"line":16,"column":66}},"type":"binary-expr","locations":[{"start":{"line":16,"column":8},"end":{"line":16,"column":37}},{"start":{"line":16,"column":41},"end":{"line":16,"column":66}}],"line":16},"3":{"loc":{"start":{"line":18,"column":11},"end":{"line":22,"column":5}},"type":"if","locations":[{"start":{"line":18,"column":11},"end":{"line":22,"column":5}},{"start":{"line":20,"column":11},"end":{"line":22,"column":5}}],"line":18},"4":{"loc":{"start":{"line":33,"column":4},"end":{"line":35,"column":5}},"type":"if","locations":[{"start":{"line":33,"column":4},"end":{"line":35,"column":5}},{"start":{},"end":{}}],"line":33},"5":{"loc":{"start":{"line":39,"column":4},"end":{"line":41,"column":5}},"type":"if","locations":[{"start":{"line":39,"column":4},"end":{"line":41,"column":5}},{"start":{},"end":{}}],"line":39},"6":{"loc":{"start":{"line":43,"column":4},"end":{"line":55,"column":5}},"type":"switch","locations":[{"start":{"line":44,"column":8},"end":{"line":45,"column":58}},{"start":{"line":46,"column":8},"end":{"line":46,"column":27}},{"start":{"line":47,"column":8},"end":{"line":48,"column":30}},{"start":{"line":49,"column":8},"end":{"line":50,"column":33}},{"start":{"line":51,"column":8},"end":{"line":52,"column":28}},{"start":{"line":53,"column":8},"end":{"line":54,"column":31}}],"line":43},"7":{"loc":{"start":{"line":45,"column":19},"end":{"line":45,"column":57}},"type":"cond-expr","locations":[{"start":{"line":45,"column":40},"end":{"line":45,"column":48}},{"start":{"line":45,"column":51},"end":{"line":45,"column":57}}],"line":45},"8":{"loc":{"start":{"line":64,"column":4},"end":{"line":73,"column":5}},"type":"switch","locations":[{"start":{"line":65,"column":8},"end":{"line":66,"column":21}},{"start":{"line":67,"column":8},"end":{"line":68,"column":21}},{"start":{"line":69,"column":8},"end":{"line":70,"column":21}},{"start":{"line":71,"column":8},"end":{"line":72,"column":21}}],"line":64},"9":{"loc":{"start":{"line":82,"column":4},"end":{"line":91,"column":5}},"type":"switch","locations":[{"start":{"line":83,"column":8},"end":{"line":84,"column":21}},{"start":{"line":85,"column":8},"end":{"line":86,"column":21}},{"start":{"line":87,"column":8},"end":{"line":88,"column":21}},{"start":{"line":89,"column":8},"end":{"line":90,"column":21}}],"line":82},"10":{"loc":{"start":{"line":100,"column":4},"end":{"line":109,"column":5}},"type":"switch","locations":[{"start":{"line":101,"column":8},"end":{"line":102,"column":26}},{"start":{"line":103,"column":8},"end":{"line":104,"column":27}},{"start":{"line":105,"column":8},"end":{"line":106,"column":27}},{"start":{"line":107,"column":8},"end":{"line":108,"column":26}}],"line":100},"11":{"loc":{"start":{"line":118,"column":4},"end":{"line":120,"column":5}},"type":"if","locations":[{"start":{"line":118,"column":4},"end":{"line":120,"column":5}},{"start":{},"end":{}}],"line":118},"12":{"loc":{"start":{"line":123,"column":22},"end":{"line":123,"column":39}},"type":"binary-expr","locations":[{"start":{"line":123,"column":22},"end":{"line":123,"column":33}},{"start":{"line":123,"column":37},"end":{"line":123,"column":39}}],"line":123},"13":{"loc":{"start":{"line":133,"column":4},"end":{"line":135,"column":5}},"type":"if","locations":[{"start":{"line":133,"column":4},"end":{"line":135,"column":5}},{"start":{},"end":{}}],"line":133},"14":{"loc":{"start":{"line":138,"column":34},"end":{"line":138,"column":56}},"type":"binary-expr","locations":[{"start":{"line":138,"column":34},"end":{"line":138,"column":51}},{"start":{"line":138,"column":55},"end":{"line":138,"column":56}}],"line":138},"15":{"loc":{"start":{"line":139,"column":25},"end":{"line":139,"column":42}},"type":"binary-expr","locations":[{"start":{"line":139,"column":25},"end":{"line":139,"column":36}},{"start":{"line":139,"column":40},"end":{"line":139,"column":42}}],"line":139},"16":{"loc":{"start":{"line":150,"column":4},"end":{"line":162,"column":5}},"type":"switch","locations":[{"start":{"line":151,"column":8},"end":{"line":152,"column":38}},{"start":{"line":153,"column":8},"end":{"line":153,"column":27}},{"start":{"line":154,"column":8},"end":{"line":155,"column":32}},{"start":{"line":156,"column":8},"end":{"line":157,"column":54}},{"start":{"line":158,"column":8},"end":{"line":159,"column":40}},{"start":{"line":160,"column":8},"end":{"line":161,"column":70}}],"line":150},"17":{"loc":{"start":{"line":171,"column":4},"end":{"line":173,"column":5}},"type":"if","locations":[{"start":{"line":171,"column":4},"end":{"line":173,"column":5}},{"start":{},"end":{}}],"line":171},"18":{"loc":{"start":{"line":171,"column":8},"end":{"line":171,"column":67}},"type":"binary-expr","locations":[{"start":{"line":171,"column":8},"end":{"line":171,"column":37}},{"start":{"line":171,"column":41},"end":{"line":171,"column":67}}],"line":171},"19":{"loc":{"start":{"line":182,"column":54},"end":{"line":182,"column":85}},"type":"binary-expr","locations":[{"start":{"line":182,"column":54},"end":{"line":182,"column":69}},{"start":{"line":182,"column":73},"end":{"line":182,"column":85}}],"line":182}},"s":{"0":8,"1":2,"2":6,"3":3,"4":3,"5":1,"6":2,"7":10,"8":0,"9":10,"10":10,"11":1,"12":9,"13":3,"14":2,"15":1,"16":1,"17":2,"18":5,"19":2,"20":1,"21":1,"22":1,"23":5,"24":2,"25":1,"26":1,"27":1,"28":5,"29":2,"30":1,"31":1,"32":1,"33":6,"34":2,"35":4,"36":10,"37":6,"38":2,"39":4,"40":10,"41":10,"42":10,"43":7,"44":2,"45":2,"46":1,"47":1,"48":1,"49":6,"50":3,"51":3,"52":3,"53":6,"54":3,"55":1},"f":{"0":8,"1":10,"2":5,"3":5,"4":5,"5":6,"6":10,"7":6,"8":10,"9":7,"10":6,"11":6},"b":{"0":[2,6],"1":[3,3],"2":[6,4],"3":[1,2],"4":[0,10],"5":[1,9],"6":[3,1,2,1,1,2],"7":[2,1],"8":[2,1,1,1],"9":[2,1,1,1],"10":[2,1,1,1],"11":[2,4],"12":[10,1],"13":[2,4],"14":[10,2],"15":[10,1],"16":[2,1,2,1,1,1],"17":[3,3],"18":[6,4],"19":[6,1]},"_coverageSchema":"1a1c01bbd47fc00a2c39e90264f33305004495a9","hash":"1df4106279d0725a4949a983d87c178d6f693361"}
}
