TN:
SF:server\models\User.js
FNF:0
FNH:0
DA:1,1
DA:3,1
DA:76,1
LF:3
LH:3
BRF:0
BRH:0
end_of_record
TN:
SF:server\utils\dietCalculations.js
FN:14,calculateBMR
FN:32,calculateTDEE
FN:59,calculateTargetCalories
FN:83,getProteinPerKg
FN:101,calculateMacronutrients
FN:132,calculateMealDistribution
FN:162,calculateTotalNutrition
FN:167,(anonymous_7)
FNF:8
FNH:8
FNDA:7,calculateBMR
FNDA:11,calculateTDEE
FNDA:7,calculateTargetCalories
FNDA:8,getProteinPerKg
FNDA:5,calculateMacronutrients
FNDA:5,calculateMealDistribution
FNDA:5,calculateTotalNutrition
FNDA:6,(anonymous_7)
DA:15,7
DA:16,4
DA:19,3
DA:20,2
DA:22,1
DA:33,11
DA:34,2
DA:37,9
DA:45,9
DA:46,9
DA:47,1
DA:50,8
DA:60,7
DA:61,2
DA:64,5
DA:66,2
DA:68,1
DA:70,1
DA:72,1
DA:84,8
DA:85,2
DA:86,6
DA:87,2
DA:89,4
DA:102,5
DA:103,2
DA:106,3
DA:107,3
DA:108,3
DA:110,3
DA:111,3
DA:113,3
DA:114,3
DA:116,3
DA:133,5
DA:134,2
DA:138,3
DA:139,3
DA:140,3
DA:141,3
DA:144,3
DA:145,3
DA:146,3
DA:147,3
DA:149,3
DA:163,5
DA:164,2
DA:167,3
DA:168,6
DA:169,6
DA:170,6
DA:171,6
DA:172,6
DA:176,1
LF:54
LH:54
BRDA:15,0,0,4
BRDA:15,0,1,3
BRDA:15,1,0,7
BRDA:15,1,1,6
BRDA:15,1,2,5
BRDA:15,1,3,4
BRDA:19,2,0,2
BRDA:19,2,1,1
BRDA:33,3,0,2
BRDA:33,3,1,9
BRDA:33,4,0,11
BRDA:33,4,1,10
BRDA:46,5,0,1
BRDA:46,5,1,8
BRDA:60,6,0,2
BRDA:60,6,1,5
BRDA:60,7,0,7
BRDA:60,7,1,6
BRDA:64,8,0,2
BRDA:64,8,1,1
BRDA:64,8,2,1
BRDA:64,8,3,1
BRDA:84,9,0,2
BRDA:84,9,1,6
BRDA:86,10,0,2
BRDA:86,10,1,4
BRDA:86,11,0,6
BRDA:86,11,1,5
BRDA:102,12,0,2
BRDA:102,12,1,3
BRDA:102,13,0,5
BRDA:102,13,1,5
BRDA:102,13,2,5
BRDA:102,13,3,4
BRDA:133,14,0,2
BRDA:133,14,1,3
BRDA:133,15,0,5
BRDA:133,15,1,4
BRDA:163,16,0,2
BRDA:163,16,1,3
BRDA:168,17,0,6
BRDA:168,17,1,0
BRDA:169,18,0,6
BRDA:169,18,1,2
BRDA:170,19,0,6
BRDA:170,19,1,2
BRDA:171,20,0,6
BRDA:171,20,1,2
BRF:48
BRH:47
end_of_record
TN:
SF:server\utils\trainingCalculations.js
FN:11,determineFitnessLevel
FN:32,determineWorkoutType
FN:63,getNumberOfExercises
FN:81,getSetsForLevel
FN:99,getRepsForLevel
FN:117,calculateTotalDuration
FN:122,(anonymous_6)
FN:132,calculateEstimatedCalories
FN:137,(anonymous_8)
FN:149,getExerciseCategoriesForGoal
FN:170,mapEquipmentPreferences
FN:182,(anonymous_11)
FNF:12
FNH:12
FNDA:8,determineFitnessLevel
FNDA:10,determineWorkoutType
FNDA:5,getNumberOfExercises
FNDA:5,getSetsForLevel
FNDA:5,getRepsForLevel
FNDA:6,calculateTotalDuration
FNDA:10,(anonymous_6)
FNDA:6,calculateEstimatedCalories
FNDA:10,(anonymous_8)
FNDA:7,getExerciseCategoriesForGoal
FNDA:6,mapEquipmentPreferences
FNDA:6,(anonymous_11)
DA:12,8
DA:13,2
DA:16,6
DA:17,3
DA:18,3
DA:19,1
DA:21,2
DA:33,10
DA:34,0
DA:38,10
DA:39,10
DA:40,1
DA:43,9
DA:45,3
DA:48,2
DA:50,1
DA:52,1
DA:54,2
DA:64,5
DA:66,2
DA:68,1
DA:70,1
DA:72,1
DA:82,5
DA:84,2
DA:86,1
DA:88,1
DA:90,1
DA:100,5
DA:102,2
DA:104,1
DA:106,1
DA:108,1
DA:118,6
DA:119,2
DA:122,4
DA:123,10
DA:133,6
DA:134,2
DA:137,4
DA:138,10
DA:139,10
DA:140,10
DA:150,7
DA:152,2
DA:155,2
DA:157,1
DA:159,1
DA:161,1
DA:171,6
DA:172,3
DA:175,3
DA:182,6
DA:183,3
DA:186,1
LF:55
LH:54
BRDA:12,0,0,2
BRDA:12,0,1,6
BRDA:16,1,0,3
BRDA:16,1,1,3
BRDA:16,2,0,6
BRDA:16,2,1,4
BRDA:18,3,0,1
BRDA:18,3,1,2
BRDA:33,4,0,0
BRDA:33,4,1,10
BRDA:39,5,0,1
BRDA:39,5,1,9
BRDA:43,6,0,3
BRDA:43,6,1,1
BRDA:43,6,2,2
BRDA:43,6,3,1
BRDA:43,6,4,1
BRDA:43,6,5,2
BRDA:45,7,0,2
BRDA:45,7,1,1
BRDA:64,8,0,2
BRDA:64,8,1,1
BRDA:64,8,2,1
BRDA:64,8,3,1
BRDA:82,9,0,2
BRDA:82,9,1,1
BRDA:82,9,2,1
BRDA:82,9,3,1
BRDA:100,10,0,2
BRDA:100,10,1,1
BRDA:100,10,2,1
BRDA:100,10,3,1
BRDA:118,11,0,2
BRDA:118,11,1,4
BRDA:123,12,0,10
BRDA:123,12,1,1
BRDA:133,13,0,2
BRDA:133,13,1,4
BRDA:138,14,0,10
BRDA:138,14,1,2
BRDA:139,15,0,10
BRDA:139,15,1,1
BRDA:150,16,0,2
BRDA:150,16,1,1
BRDA:150,16,2,2
BRDA:150,16,3,1
BRDA:150,16,4,1
BRDA:150,16,5,1
BRDA:171,17,0,3
BRDA:171,17,1,3
BRDA:171,18,0,6
BRDA:171,18,1,4
BRDA:182,19,0,6
BRDA:182,19,1,1
BRF:54
BRH:53
end_of_record
